#-----------------------------------------------------------
# Vivado v2018.3 (64-bit)
# SW Build 2405991 on Thu Dec  6 23:38:27 MST 2018
# IP Build 2404404 on Fri Dec  7 01:43:56 MST 2018
# Start of session at: Wed May 12 14:58:15 2021
# Process ID: 110100
# Current directory: C:/Users/12204/Desktop/Verilog_project/lab3_1
# Command line: vivado.exe -gui_launcher_event rodinguilauncherevent109080 C:\Users\12204\Desktop\Verilog_project\lab3_1\lab3_1.xpr
# Log file: C:/Users/12204/Desktop/Verilog_project/lab3_1/vivado.log
# Journal file: C:/Users/12204/Desktop/Verilog_project/lab3_1\vivado.jou
#-----------------------------------------------------------
start_gui
open_project C:/Users/12204/Desktop/Verilog_project/lab3_1/lab3_1.xpr
Scanning sources...
Finished scanning sources
INFO: [IP_Flow 19-234] Refreshing IP repositories
INFO: [IP_Flow 19-1704] No user IP repositories specified
INFO: [IP_Flow 19-2313] Loaded Vivado IP repository 'C:/Xilinx/Vivado/2018.3/data/ip'.
open_project: Time (s): cpu = 00:00:24 ; elapsed = 00:00:11 . Memory (MB): peak = 734.059 ; gain = 125.895
update_compile_order -fileset sources_1
exit
INFO: [Common 17-206] Exiting Vivado at Wed May 12 15:01:33 2021...
