#-----------------------------------------------------------
# Vivado v2018.3 (64-bit)
# SW Build 2405991 on Thu Dec  6 23:38:27 MST 2018
# IP Build 2404404 on Fri Dec  7 01:43:56 MST 2018
# Start of session at: Thu Jun  3 10:41:06 2021
# Process ID: 11020
# Current directory: C:/Users/12204/Desktop/Verilog_project/lab_final_4
# Command line: vivado.exe -gui_launcher_event rodinguilauncherevent10492 C:\Users\12204\Desktop\Verilog_project\lab_final_4\lab_final_4.xpr
# Log file: C:/Users/12204/Desktop/Verilog_project/lab_final_4/vivado.log
# Journal file: C:/Users/12204/Desktop/Verilog_project/lab_final_4\vivado.jou
#-----------------------------------------------------------
start_gui
open_project C:/Users/12204/Desktop/Verilog_project/lab_final_4/lab_final_4.xpr
Scanning sources...
Finished scanning sources
INFO: [IP_Flow 19-234] Refreshing IP repositories
INFO: [IP_Flow 19-1704] No user IP repositories specified
INFO: [IP_Flow 19-2313] Loaded Vivado IP repository 'C:/Xilinx/Vivado/2018.3/data/ip'.
open_project: Time (s): cpu = 00:00:57 ; elapsed = 00:00:26 . Memory (MB): peak = 715.344 ; gain = 83.441
update_compile_order -fileset sources_1
reset_run synth_1
reset_runs: Time (s): cpu = 00:00:08 ; elapsed = 00:00:05 . Memory (MB): peak = 794.148 ; gain = 0.000
launch_runs impl_1 -to_step write_bitstream -jobs 4
[Thu Jun  3 10:43:48 2021] Launched synth_1...
Run output will be captured here: C:/Users/12204/Desktop/Verilog_project/lab_final_4/lab_final_4.runs/synth_1/runme.log
[Thu Jun  3 10:43:48 2021] Launched impl_1...
Run output will be captured here: C:/Users/12204/Desktop/Verilog_project/lab_final_4/lab_final_4.runs/impl_1/runme.log
open_hw
connect_hw_server
INFO: [Labtools 27-2285] Connecting to hw_server url TCP:localhost:3121
INFO: [Labtools 27-2222] Launching hw_server...
INFO: [Labtools 27-2221] Launch Output:

****** Xilinx hw_server v2018.3
  **** Build date : Dec  7 2018-00:40:27
    ** Copyright 1986-2018 Xilinx, Inc. All Rights Reserved.


open_hw_target
INFO: [Labtoolstcl 44-466] Opening hw_target localhost:3121/xilinx_tcf/Digilent/210292A6E600A
set_property PROGRAM.FILE {C:/Users/12204/Desktop/Verilog_project/lab_final_4/lab_final_4.runs/impl_1/topset.bit} [get_hw_devices xc7a100t_0]
current_hw_device [get_hw_devices xc7a100t_0]
refresh_hw_device -update_hw_probes false [lindex [get_hw_devices xc7a100t_0] 0]
INFO: [Labtools 27-1435] Device xc7a100t (JTAG device index = 0) is not programmed (DONE status = 0).
set_property PROBES.FILE {} [get_hw_devices xc7a100t_0]
set_property FULL_PROBES.FILE {} [get_hw_devices xc7a100t_0]
set_property PROGRAM.FILE {C:/Users/12204/Desktop/Verilog_project/lab_final_4/lab_final_4.runs/impl_1/topset.bit} [get_hw_devices xc7a100t_0]
program_hw_devices [get_hw_devices xc7a100t_0]
INFO: [Labtools 27-3164] End of startup status: HIGH
refresh_hw_device [lindex [get_hw_devices xc7a100t_0] 0]
INFO: [Labtools 27-1434] Device xc7a100t (JTAG device index = 0) is programmed with a design that has no supported debug core(s) in it.
close_hw
update_compile_order -fileset sources_1
update_compile_order -fileset sources_1
update_compile_order -fileset sources_1
reset_run synth_1
launch_runs impl_1 -to_step write_bitstream -jobs 4
[Thu Jun  3 11:00:13 2021] Launched synth_1...
Run output will be captured here: C:/Users/12204/Desktop/Verilog_project/lab_final_4/lab_final_4.runs/synth_1/runme.log
[Thu Jun  3 11:00:13 2021] Launched impl_1...
Run output will be captured here: C:/Users/12204/Desktop/Verilog_project/lab_final_4/lab_final_4.runs/impl_1/runme.log
open_hw
connect_hw_server
INFO: [Labtools 27-2285] Connecting to hw_server url TCP:localhost:3121
INFO: [Labtools 27-2222] Launching hw_server...
INFO: [Labtools 27-2221] Launch Output:

****** Xilinx hw_server v2018.3
  **** Build date : Dec  7 2018-00:40:27
    ** Copyright 1986-2018 Xilinx, Inc. All Rights Reserved.


open_hw_target
INFO: [Labtoolstcl 44-466] Opening hw_target localhost:3121/xilinx_tcf/Digilent/210292A6E600A
set_property PROGRAM.FILE {C:/Users/12204/Desktop/Verilog_project/lab_final_4/lab_final_4.runs/impl_1/topset.bit} [get_hw_devices xc7a100t_0]
current_hw_device [get_hw_devices xc7a100t_0]
refresh_hw_device -update_hw_probes false [lindex [get_hw_devices xc7a100t_0] 0]
INFO: [Labtools 27-1434] Device xc7a100t (JTAG device index = 0) is programmed with a design that has no supported debug core(s) in it.
set_property PROBES.FILE {} [get_hw_devices xc7a100t_0]
set_property FULL_PROBES.FILE {} [get_hw_devices xc7a100t_0]
set_property PROGRAM.FILE {C:/Users/12204/Desktop/Verilog_project/lab_final_4/lab_final_4.runs/impl_1/topset.bit} [get_hw_devices xc7a100t_0]
program_hw_devices [get_hw_devices xc7a100t_0]
INFO: [Labtools 27-3164] End of startup status: HIGH
refresh_hw_device [lindex [get_hw_devices xc7a100t_0] 0]
INFO: [Labtools 27-1434] Device xc7a100t (JTAG device index = 0) is programmed with a design that has no supported debug core(s) in it.
close_hw
reset_run synth_1
launch_runs impl_1 -to_step write_bitstream -jobs 4
[Thu Jun  3 11:06:05 2021] Launched synth_1...
Run output will be captured here: C:/Users/12204/Desktop/Verilog_project/lab_final_4/lab_final_4.runs/synth_1/runme.log
[Thu Jun  3 11:06:05 2021] Launched impl_1...
Run output will be captured here: C:/Users/12204/Desktop/Verilog_project/lab_final_4/lab_final_4.runs/impl_1/runme.log
open_hw
connect_hw_server
INFO: [Labtools 27-2285] Connecting to hw_server url TCP:localhost:3121
INFO: [Labtools 27-2222] Launching hw_server...
INFO: [Labtools 27-2221] Launch Output:

****** Xilinx hw_server v2018.3
  **** Build date : Dec  7 2018-00:40:27
    ** Copyright 1986-2018 Xilinx, Inc. All Rights Reserved.


open_hw_target
INFO: [Labtoolstcl 44-466] Opening hw_target localhost:3121/xilinx_tcf/Digilent/210292A6E600A
set_property PROGRAM.FILE {C:/Users/12204/Desktop/Verilog_project/lab_final_4/lab_final_4.runs/impl_1/topset.bit} [get_hw_devices xc7a100t_0]
current_hw_device [get_hw_devices xc7a100t_0]
refresh_hw_device -update_hw_probes false [lindex [get_hw_devices xc7a100t_0] 0]
INFO: [Labtools 27-1434] Device xc7a100t (JTAG device index = 0) is programmed with a design that has no supported debug core(s) in it.
set_property PROBES.FILE {} [get_hw_devices xc7a100t_0]
set_property FULL_PROBES.FILE {} [get_hw_devices xc7a100t_0]
set_property PROGRAM.FILE {C:/Users/12204/Desktop/Verilog_project/lab_final_4/lab_final_4.runs/impl_1/topset.bit} [get_hw_devices xc7a100t_0]
program_hw_devices [get_hw_devices xc7a100t_0]
INFO: [Labtools 27-3164] End of startup status: HIGH
refresh_hw_device [lindex [get_hw_devices xc7a100t_0] 0]
INFO: [Labtools 27-1434] Device xc7a100t (JTAG device index = 0) is programmed with a design that has no supported debug core(s) in it.
close_hw
reset_run impl_1 -prev_step 
launch_runs impl_1 -to_step write_bitstream -jobs 4
[Thu Jun  3 18:59:01 2021] Launched impl_1...
Run output will be captured here: C:/Users/12204/Desktop/Verilog_project/lab_final_4/lab_final_4.runs/impl_1/runme.log
open_hw
connect_hw_server
INFO: [Labtools 27-2285] Connecting to hw_server url TCP:localhost:3121
INFO: [Labtools 27-2222] Launching hw_server...
INFO: [Labtools 27-2221] Launch Output:

****** Xilinx hw_server v2018.3
  **** Build date : Dec  7 2018-00:40:27
    ** Copyright 1986-2018 Xilinx, Inc. All Rights Reserved.


connect_hw_server: Time (s): cpu = 00:00:01 ; elapsed = 00:00:07 . Memory (MB): peak = 1830.695 ; gain = 0.000
open_hw_target
INFO: [Labtoolstcl 44-466] Opening hw_target localhost:3121/xilinx_tcf/Digilent/210292A6E600A
set_property PROGRAM.FILE {C:/Users/12204/Desktop/Verilog_project/lab_final_4/lab_final_4.runs/impl_1/topset.bit} [get_hw_devices xc7a100t_0]
current_hw_device [get_hw_devices xc7a100t_0]
refresh_hw_device -update_hw_probes false [lindex [get_hw_devices xc7a100t_0] 0]
INFO: [Labtools 27-1435] Device xc7a100t (JTAG device index = 0) is not programmed (DONE status = 0).
set_property PROBES.FILE {} [get_hw_devices xc7a100t_0]
set_property FULL_PROBES.FILE {} [get_hw_devices xc7a100t_0]
set_property PROGRAM.FILE {C:/Users/12204/Desktop/Verilog_project/lab_final_4/lab_final_4.runs/impl_1/topset.bit} [get_hw_devices xc7a100t_0]
program_hw_devices [get_hw_devices xc7a100t_0]
INFO: [Labtools 27-3164] End of startup status: HIGH
refresh_hw_device [lindex [get_hw_devices xc7a100t_0] 0]
INFO: [Labtools 27-1434] Device xc7a100t (JTAG device index = 0) is programmed with a design that has no supported debug core(s) in it.
ERROR: [Labtoolstcl 44-513] HW Target shutdown. Closing target: localhost:3121/xilinx_tcf/Digilent/210292A6E600A
exit
INFO: [Common 17-206] Exiting Vivado at Thu Jun  3 21:12:48 2021...
