Copyright 1986-2018 Xilinx, Inc. All Rights Reserved.
------------------------------------------------------------------------------------
| Tool Version : Vivado v.2018.3 (win64) Build 2405991 Thu Dec  6 23:38:27 MST 2018
| Date         : Thu Jun  3 09:22:58 2021
| Host         : DESKTOP-37ADL3B running 64-bit major release  (build 9200)
| Command      : report_control_sets -verbose -file show_control_sets_placed.rpt
| Design       : show
| Device       : xc7a100t
------------------------------------------------------------------------------------

Control Set Information

Table of Contents
-----------------
1. Summary
2. Histogram
3. Flip-Flop Distribution
4. Detailed Control Set Information

1. Summary
----------

+----------------------------------------------------------+-------+
|                          Status                          | Count |
+----------------------------------------------------------+-------+
| Number of unique control sets                            |     5 |
| Unused register locations in slices containing registers |    15 |
+----------------------------------------------------------+-------+


2. Histogram
------------

+--------+--------------+
| Fanout | Control Sets |
+--------+--------------+
|      2 |            1 |
|      4 |            1 |
|     11 |            1 |
|    16+ |            2 |
+--------+--------------+


3. Flip-Flop Distribution
-------------------------

+--------------+-----------------------+------------------------+-----------------+--------------+
| Clock Enable | Synchronous Set/Reset | Asynchronous Set/Reset | Total Registers | Total Slices |
+--------------+-----------------------+------------------------+-----------------+--------------+
| No           | No                    | No                     |              13 |            8 |
| No           | No                    | Yes                    |               0 |            0 |
| No           | Yes                   | No                     |              68 |           17 |
| Yes          | No                    | No                     |               0 |            0 |
| Yes          | No                    | Yes                    |               0 |            0 |
| Yes          | Yes                   | No                     |               0 |            0 |
+--------------+-----------------------+------------------------+-----------------+--------------+


4. Detailed Control Set Information
-----------------------------------

+------------------+---------------+-----------------------------+------------------+----------------+
|   Clock Signal   | Enable Signal |       Set/Reset Signal      | Slice Load Count | Bel Load Count |
+------------------+---------------+-----------------------------+------------------+----------------+
|  clk_IBUF_BUFG   |               |                             |                2 |              2 |
|  Divider1/CLK    |               | rst_IBUF                    |                1 |              4 |
|  Divider2/clk_N2 |               |                             |                6 |             11 |
|  clk_IBUF_BUFG   |               | Divider1/clear              |                8 |             32 |
|  clk_IBUF_BUFG   |               | Divider2/counter[0]_i_1_n_0 |                8 |             32 |
+------------------+---------------+-----------------------------+------------------+----------------+


