
*** Running vivado
    with args -log topset.vds -m64 -product Vivado -mode batch -messageDb vivado.pb -notrace -source topset.tcl


****** Vivado v2018.3 (64-bit)
  **** SW Build 2405991 on Thu Dec  6 23:38:27 MST 2018
  **** IP Build 2404404 on Fri Dec  7 01:43:56 MST 2018
    ** Copyright 1986-2018 Xilinx, Inc. All Rights Reserved.

source topset.tcl -notrace
Command: synth_design -top topset -part xc7a100tcsg324-1
Starting synth_design
Attempting to get a license for feature 'Synthesis' and/or device 'xc7a100t'
INFO: [Common 17-349] Got license for feature 'Synthesis' and/or device 'xc7a100t'
INFO: Launching helper process for spawning children vivado processes
INFO: Helper process launched with PID 12172 
---------------------------------------------------------------------------------
Starting RTL Elaboration : Time (s): cpu = 00:00:03 ; elapsed = 00:00:03 . Memory (MB): peak = 362.211 ; gain = 100.754
---------------------------------------------------------------------------------
INFO: [Synth 8-6157] synthesizing module 'topset' [C:/Users/12204/Desktop/Verilog_project/lab_final_4/lab_final_4.srcs/sources_1/new/shows.v:3]
INFO: [Synth 8-6157] synthesizing module 'divider' [C:/Users/12204/Desktop/Verilog_project/lab_final_4/lab_final_4.srcs/sources_1/new/show_number.v:66]
	Parameter N bound to: 100000000 - type: integer 
INFO: [Synth 8-6155] done synthesizing module 'divider' (1#1) [C:/Users/12204/Desktop/Verilog_project/lab_final_4/lab_final_4.srcs/sources_1/new/show_number.v:66]
INFO: [Synth 8-6157] synthesizing module 'divider__parameterized0' [C:/Users/12204/Desktop/Verilog_project/lab_final_4/lab_final_4.srcs/sources_1/new/show_number.v:66]
	Parameter N bound to: 200000 - type: integer 
INFO: [Synth 8-6155] done synthesizing module 'divider__parameterized0' (1#1) [C:/Users/12204/Desktop/Verilog_project/lab_final_4/lab_final_4.srcs/sources_1/new/show_number.v:66]
INFO: [Synth 8-6157] synthesizing module 'show_numbers' [C:/Users/12204/Desktop/Verilog_project/lab_final_4/lab_final_4.srcs/sources_1/new/show_number.v:3]
INFO: [Synth 8-6157] synthesizing module 'decoder_4to16' [C:/Users/12204/Desktop/Verilog_project/lab_final_4/lab_final_4.srcs/sources_1/new/show_number.v:87]
INFO: [Synth 8-6155] done synthesizing module 'decoder_4to16' (2#1) [C:/Users/12204/Desktop/Verilog_project/lab_final_4/lab_final_4.srcs/sources_1/new/show_number.v:87]
INFO: [Synth 8-6155] done synthesizing module 'show_numbers' (3#1) [C:/Users/12204/Desktop/Verilog_project/lab_final_4/lab_final_4.srcs/sources_1/new/show_number.v:3]
INFO: [Synth 8-6157] synthesizing module 'top' [C:/Users/12204/Desktop/Verilog_project/lab_final_4/lab_final_4.srcs/sources_1/new/data_path.v:3]
INFO: [Synth 8-6157] synthesizing module 'FSM' [C:/Users/12204/Desktop/Verilog_project/lab_final_4/lab_final_4.srcs/sources_1/new/fsm.v:4]
	Parameter START bound to: 0 - type: integer 
	Parameter COMPUTE_SUM bound to: 1 - type: integer 
	Parameter GET_NEXT bound to: 2 - type: integer 
	Parameter DO_NE bound to: 3 - type: integer 
INFO: [Synth 8-6155] done synthesizing module 'FSM' (4#1) [C:/Users/12204/Desktop/Verilog_project/lab_final_4/lab_final_4.srcs/sources_1/new/fsm.v:4]
INFO: [Synth 8-6157] synthesizing module 'datapath' [C:/Users/12204/Desktop/Verilog_project/lab_final_4/lab_final_4.srcs/sources_1/new/data_path.v:17]
INFO: [Synth 8-6157] synthesizing module 'mux2_1' [C:/Users/12204/Desktop/Verilog_project/lab_final_4/lab_final_4.srcs/sources_1/new/data_path.v:70]
	Parameter WIDTH bound to: 32 - type: integer 
INFO: [Synth 8-6155] done synthesizing module 'mux2_1' (5#1) [C:/Users/12204/Desktop/Verilog_project/lab_final_4/lab_final_4.srcs/sources_1/new/data_path.v:70]
INFO: [Synth 8-6157] synthesizing module 'compare' [C:/Users/12204/Desktop/Verilog_project/lab_final_4/lab_final_4.srcs/sources_1/new/data_path.v:81]
	Parameter WIDTH bound to: 32 - type: integer 
INFO: [Synth 8-6155] done synthesizing module 'compare' (6#1) [C:/Users/12204/Desktop/Verilog_project/lab_final_4/lab_final_4.srcs/sources_1/new/data_path.v:81]
INFO: [Synth 8-6157] synthesizing module 'add' [C:/Users/12204/Desktop/Verilog_project/lab_final_4/lab_final_4.srcs/sources_1/new/data_path.v:91]
	Parameter WIDTH bound to: 32 - type: integer 
WARNING: [Synth 8-567] referenced signal 'a' should be on the sensitivity list [C:/Users/12204/Desktop/Verilog_project/lab_final_4/lab_final_4.srcs/sources_1/new/data_path.v:95]
WARNING: [Synth 8-567] referenced signal 'b' should be on the sensitivity list [C:/Users/12204/Desktop/Verilog_project/lab_final_4/lab_final_4.srcs/sources_1/new/data_path.v:95]
INFO: [Synth 8-6155] done synthesizing module 'add' (7#1) [C:/Users/12204/Desktop/Verilog_project/lab_final_4/lab_final_4.srcs/sources_1/new/data_path.v:91]
INFO: [Synth 8-6157] synthesizing module 'register' [C:/Users/12204/Desktop/Verilog_project/lab_final_4/lab_final_4.srcs/sources_1/new/data_path.v:59]
	Parameter WIDTH bound to: 32 - type: integer 
INFO: [Synth 8-6155] done synthesizing module 'register' (8#1) [C:/Users/12204/Desktop/Verilog_project/lab_final_4/lab_final_4.srcs/sources_1/new/data_path.v:59]
INFO: [Synth 8-6157] synthesizing module 'ram' [C:/Users/12204/Desktop/Verilog_project/lab_final_4/lab_final_4.srcs/sources_1/new/data_path.v:40]
	Parameter DATA_WIDTH bound to: 32 - type: integer 
	Parameter ADDR_WIDTH bound to: 4 - type: integer 
INFO: [Synth 8-3876] $readmem data file 'ram_initial.mem' is read successfully [C:/Users/12204/Desktop/Verilog_project/lab_final_4/lab_final_4.srcs/sources_1/new/data_path.v:50]
INFO: [Synth 8-6155] done synthesizing module 'ram' (9#1) [C:/Users/12204/Desktop/Verilog_project/lab_final_4/lab_final_4.srcs/sources_1/new/data_path.v:40]
INFO: [Synth 8-6155] done synthesizing module 'datapath' (10#1) [C:/Users/12204/Desktop/Verilog_project/lab_final_4/lab_final_4.srcs/sources_1/new/data_path.v:17]
WARNING: [Synth 8-3848] Net AN in module/entity top does not have driver. [C:/Users/12204/Desktop/Verilog_project/lab_final_4/lab_final_4.srcs/sources_1/new/data_path.v:7]
WARNING: [Synth 8-3848] Net SEG in module/entity top does not have driver. [C:/Users/12204/Desktop/Verilog_project/lab_final_4/lab_final_4.srcs/sources_1/new/data_path.v:8]
INFO: [Synth 8-6155] done synthesizing module 'top' (11#1) [C:/Users/12204/Desktop/Verilog_project/lab_final_4/lab_final_4.srcs/sources_1/new/data_path.v:3]
INFO: [Synth 8-6155] done synthesizing module 'topset' (12#1) [C:/Users/12204/Desktop/Verilog_project/lab_final_4/lab_final_4.srcs/sources_1/new/shows.v:3]
WARNING: [Synth 8-3331] design top has unconnected port AN[7]
WARNING: [Synth 8-3331] design top has unconnected port AN[6]
WARNING: [Synth 8-3331] design top has unconnected port AN[5]
WARNING: [Synth 8-3331] design top has unconnected port AN[4]
WARNING: [Synth 8-3331] design top has unconnected port AN[3]
WARNING: [Synth 8-3331] design top has unconnected port AN[2]
WARNING: [Synth 8-3331] design top has unconnected port AN[1]
WARNING: [Synth 8-3331] design top has unconnected port AN[0]
WARNING: [Synth 8-3331] design top has unconnected port SEG[7]
WARNING: [Synth 8-3331] design top has unconnected port SEG[6]
WARNING: [Synth 8-3331] design top has unconnected port SEG[5]
WARNING: [Synth 8-3331] design top has unconnected port SEG[4]
WARNING: [Synth 8-3331] design top has unconnected port SEG[3]
WARNING: [Synth 8-3331] design top has unconnected port SEG[2]
WARNING: [Synth 8-3331] design top has unconnected port SEG[1]
WARNING: [Synth 8-3331] design top has unconnected port SEG[0]
---------------------------------------------------------------------------------
Finished RTL Elaboration : Time (s): cpu = 00:00:03 ; elapsed = 00:00:03 . Memory (MB): peak = 418.195 ; gain = 156.738
---------------------------------------------------------------------------------

Report Check Netlist: 
+------+------------------+-------+---------+-------+------------------+
|      |Item              |Errors |Warnings |Status |Description       |
+------+------------------+-------+---------+-------+------------------+
|1     |multi_driven_nets |      0|        0|Passed |Multi driven nets |
+------+------------------+-------+---------+-------+------------------+
---------------------------------------------------------------------------------
Start Handling Custom Attributes
---------------------------------------------------------------------------------
---------------------------------------------------------------------------------
Finished Handling Custom Attributes : Time (s): cpu = 00:00:03 ; elapsed = 00:00:04 . Memory (MB): peak = 418.195 ; gain = 156.738
---------------------------------------------------------------------------------
---------------------------------------------------------------------------------
Finished RTL Optimization Phase 1 : Time (s): cpu = 00:00:03 ; elapsed = 00:00:04 . Memory (MB): peak = 418.195 ; gain = 156.738
---------------------------------------------------------------------------------
INFO: [Device 21-403] Loading part xc7a100tcsg324-1
INFO: [Project 1-570] Preparing netlist for logic optimization

Processing XDC Constraints
Initializing timing engine
Parsing XDC File [C:/Users/12204/Desktop/Verilog_project/lab_final_4/lab_final_4.srcs/constrs_1/new/lab_ddr.xdc]
Finished Parsing XDC File [C:/Users/12204/Desktop/Verilog_project/lab_final_4/lab_final_4.srcs/constrs_1/new/lab_ddr.xdc]
INFO: [Project 1-236] Implementation specific constraints were found while reading constraint file [C:/Users/12204/Desktop/Verilog_project/lab_final_4/lab_final_4.srcs/constrs_1/new/lab_ddr.xdc]. These constraints will be ignored for synthesis but will be used in implementation. Impacted constraints are listed in the file [.Xil/topset_propImpl.xdc].
Resolution: To avoid this warning, move constraints listed in [.Xil/topset_propImpl.xdc] to another XDC file and exclude this new file from synthesis with the used_in_synthesis property (File Properties dialog in GUI) and re-run elaboration/synthesis.
Netlist sorting complete. Time (s): cpu = 00:00:00 ; elapsed = 00:00:00.001 . Memory (MB): peak = 754.961 ; gain = 0.000
Completed Processing XDC Constraints

Netlist sorting complete. Time (s): cpu = 00:00:00 ; elapsed = 00:00:00 . Memory (MB): peak = 754.961 ; gain = 0.000
INFO: [Project 1-111] Unisim Transformation Summary:
No Unisim elements were transformed.

Netlist sorting complete. Time (s): cpu = 00:00:00 ; elapsed = 00:00:00 . Memory (MB): peak = 754.961 ; gain = 0.000
Constraint Validation Runtime : Time (s): cpu = 00:00:00 ; elapsed = 00:00:00.004 . Memory (MB): peak = 754.961 ; gain = 0.000
---------------------------------------------------------------------------------
Finished Constraint Validation : Time (s): cpu = 00:00:11 ; elapsed = 00:00:12 . Memory (MB): peak = 754.961 ; gain = 493.504
---------------------------------------------------------------------------------
---------------------------------------------------------------------------------
Start Loading Part and Timing Information
---------------------------------------------------------------------------------
Loading part: xc7a100tcsg324-1
---------------------------------------------------------------------------------
Finished Loading Part and Timing Information : Time (s): cpu = 00:00:11 ; elapsed = 00:00:12 . Memory (MB): peak = 754.961 ; gain = 493.504
---------------------------------------------------------------------------------
---------------------------------------------------------------------------------
Start Applying 'set_property' XDC Constraints
---------------------------------------------------------------------------------
---------------------------------------------------------------------------------
Finished applying 'set_property' XDC Constraints : Time (s): cpu = 00:00:11 ; elapsed = 00:00:12 . Memory (MB): peak = 754.961 ; gain = 493.504
---------------------------------------------------------------------------------
INFO: [Synth 8-802] inferred FSM for state register 'AN_reg' in module 'show_numbers'
INFO: [Synth 8-5546] ROM "AN" won't be mapped to RAM because it is too sparse
INFO: [Synth 8-802] inferred FSM for state register 'State_reg' in module 'FSM'
INFO: [Synth 8-5544] ROM "DONE" won't be mapped to Block RAM because address size (2) smaller than threshold (5)
INFO: [Synth 8-5544] ROM "SUM_SEL" won't be mapped to Block RAM because address size (2) smaller than threshold (5)
INFO: [Synth 8-5544] ROM "LD_NEXT" won't be mapped to Block RAM because address size (2) smaller than threshold (5)
INFO: [Synth 8-5544] ROM "LD_SUM" won't be mapped to Block RAM because address size (2) smaller than threshold (5)
INFO: [Synth 8-5544] ROM "StateNext" won't be mapped to Block RAM because address size (1) smaller than threshold (5)
INFO: [Synth 8-5544] ROM "ram" won't be mapped to Block RAM because address size (4) smaller than threshold (5)
---------------------------------------------------------------------------------------------------
                   State |                     New Encoding |                Previous Encoding 
---------------------------------------------------------------------------------------------------
                 iSTATE0 |                              000 |                         11111110
                 iSTATE1 |                              001 |                         11111101
                 iSTATE2 |                              010 |                         11111011
                 iSTATE3 |                              011 |                         11110111
                 iSTATE4 |                              100 |                         11101111
                 iSTATE5 |                              101 |                         11011111
                 iSTATE6 |                              110 |                         10111111
                  iSTATE |                              111 |                         01111111
*
---------------------------------------------------------------------------------------------------
INFO: [Synth 8-3354] encoded FSM with state register 'AN_reg' using encoding 'sequential' in module 'show_numbers'
---------------------------------------------------------------------------------------------------
                   State |                     New Encoding |                Previous Encoding 
---------------------------------------------------------------------------------------------------
                   START |                             0001 |                               00
             COMPUTE_SUM |                             0010 |                               01
                GET_NEXT |                             0100 |                               10
                   DO_NE |                             1000 |                               11
---------------------------------------------------------------------------------------------------
INFO: [Synth 8-3354] encoded FSM with state register 'State_reg' using encoding 'one-hot' in module 'FSM'
---------------------------------------------------------------------------------
Finished RTL Optimization Phase 2 : Time (s): cpu = 00:00:11 ; elapsed = 00:00:12 . Memory (MB): peak = 754.961 ; gain = 493.504
---------------------------------------------------------------------------------

Report RTL Partitions: 
+-+--------------+------------+----------+
| |RTL Partition |Replication |Instances |
+-+--------------+------------+----------+
+-+--------------+------------+----------+
---------------------------------------------------------------------------------
Start RTL Component Statistics 
---------------------------------------------------------------------------------
Detailed RTL Component Info : 
+---Adders : 
	   2 Input     32 Bit       Adders := 4     
+---Registers : 
	               32 Bit    Registers := 2     
	                8 Bit    Registers := 2     
	                1 Bit    Registers := 2     
+---Muxes : 
	   2 Input     32 Bit        Muxes := 3     
	  17 Input     32 Bit        Muxes := 1     
	   8 Input      8 Bit        Muxes := 2     
	   4 Input      4 Bit        Muxes := 1     
	   2 Input      4 Bit        Muxes := 3     
	   8 Input      3 Bit        Muxes := 1     
	   4 Input      1 Bit        Muxes := 1     
---------------------------------------------------------------------------------
Finished RTL Component Statistics 
---------------------------------------------------------------------------------
---------------------------------------------------------------------------------
Start RTL Hierarchical Component Statistics 
---------------------------------------------------------------------------------
Hierarchical RTL Component report 
Module divider 
Detailed RTL Component Info : 
+---Adders : 
	   2 Input     32 Bit       Adders := 1     
+---Registers : 
	                1 Bit    Registers := 1     
Module divider__parameterized0 
Detailed RTL Component Info : 
+---Adders : 
	   2 Input     32 Bit       Adders := 1     
+---Registers : 
	                1 Bit    Registers := 1     
Module show_numbers 
Detailed RTL Component Info : 
+---Registers : 
	                8 Bit    Registers := 2     
+---Muxes : 
	   8 Input      8 Bit        Muxes := 2     
	   8 Input      3 Bit        Muxes := 1     
Module FSM 
Detailed RTL Component Info : 
+---Muxes : 
	   4 Input      4 Bit        Muxes := 1     
	   2 Input      4 Bit        Muxes := 3     
	   4 Input      1 Bit        Muxes := 1     
Module mux2_1 
Detailed RTL Component Info : 
+---Muxes : 
	   2 Input     32 Bit        Muxes := 1     
Module add 
Detailed RTL Component Info : 
+---Adders : 
	   2 Input     32 Bit       Adders := 1     
Module register 
Detailed RTL Component Info : 
+---Registers : 
	               32 Bit    Registers := 1     
Module ram 
Detailed RTL Component Info : 
+---Muxes : 
	  17 Input     32 Bit        Muxes := 1     
---------------------------------------------------------------------------------
Finished RTL Hierarchical Component Statistics
---------------------------------------------------------------------------------
---------------------------------------------------------------------------------
Start Part Resource Summary
---------------------------------------------------------------------------------
Part Resources:
DSPs: 240 (col length:80)
BRAMs: 270 (col length: RAMB18 80 RAMB36 40)
---------------------------------------------------------------------------------
Finished Part Resource Summary
---------------------------------------------------------------------------------
---------------------------------------------------------------------------------
Start Cross Boundary and Area Optimization
---------------------------------------------------------------------------------
Warning: Parallel synthesis criteria is not met 
INFO: [Synth 8-3333] propagating constant 1 across sequential element (\SHOW/tube_now_reg[7] )
INFO: [Synth 8-3886] merging instance 'SHOW/SEG_reg[7]' (FD) to 'SHOW/tube_now_reg[7]'
INFO: [Synth 8-3333] propagating constant 1 across sequential element (\SHOW/tube_now_reg[7] )
---------------------------------------------------------------------------------
Finished Cross Boundary and Area Optimization : Time (s): cpu = 00:00:13 ; elapsed = 00:00:14 . Memory (MB): peak = 754.961 ; gain = 493.504
---------------------------------------------------------------------------------

Report RTL Partitions: 
+-+--------------+------------+----------+
| |RTL Partition |Replication |Instances |
+-+--------------+------------+----------+
+-+--------------+------------+----------+
---------------------------------------------------------------------------------
Start Applying XDC Timing Constraints
---------------------------------------------------------------------------------
---------------------------------------------------------------------------------
Finished Applying XDC Timing Constraints : Time (s): cpu = 00:00:21 ; elapsed = 00:00:22 . Memory (MB): peak = 759.586 ; gain = 498.129
---------------------------------------------------------------------------------
---------------------------------------------------------------------------------
Start Timing Optimization
---------------------------------------------------------------------------------
---------------------------------------------------------------------------------
Finished Timing Optimization : Time (s): cpu = 00:00:21 ; elapsed = 00:00:22 . Memory (MB): peak = 759.734 ; gain = 498.277
---------------------------------------------------------------------------------

Report RTL Partitions: 
+-+--------------+------------+----------+
| |RTL Partition |Replication |Instances |
+-+--------------+------------+----------+
+-+--------------+------------+----------+
---------------------------------------------------------------------------------
Start Technology Mapping
---------------------------------------------------------------------------------
---------------------------------------------------------------------------------
Finished Technology Mapping : Time (s): cpu = 00:00:21 ; elapsed = 00:00:22 . Memory (MB): peak = 771.109 ; gain = 509.652
---------------------------------------------------------------------------------

Report RTL Partitions: 
+-+--------------+------------+----------+
| |RTL Partition |Replication |Instances |
+-+--------------+------------+----------+
+-+--------------+------------+----------+
---------------------------------------------------------------------------------
Start IO Insertion
---------------------------------------------------------------------------------
---------------------------------------------------------------------------------
Start Flattening Before IO Insertion
---------------------------------------------------------------------------------
---------------------------------------------------------------------------------
Finished Flattening Before IO Insertion
---------------------------------------------------------------------------------
---------------------------------------------------------------------------------
Start Final Netlist Cleanup
---------------------------------------------------------------------------------
---------------------------------------------------------------------------------
Finished Final Netlist Cleanup
---------------------------------------------------------------------------------
---------------------------------------------------------------------------------
Finished IO Insertion : Time (s): cpu = 00:00:22 ; elapsed = 00:00:23 . Memory (MB): peak = 771.109 ; gain = 509.652
---------------------------------------------------------------------------------

Report Check Netlist: 
+------+------------------+-------+---------+-------+------------------+
|      |Item              |Errors |Warnings |Status |Description       |
+------+------------------+-------+---------+-------+------------------+
|1     |multi_driven_nets |      0|        0|Passed |Multi driven nets |
+------+------------------+-------+---------+-------+------------------+
---------------------------------------------------------------------------------
Start Renaming Generated Instances
---------------------------------------------------------------------------------
---------------------------------------------------------------------------------
Finished Renaming Generated Instances : Time (s): cpu = 00:00:22 ; elapsed = 00:00:23 . Memory (MB): peak = 771.109 ; gain = 509.652
---------------------------------------------------------------------------------

Report RTL Partitions: 
+-+--------------+------------+----------+
| |RTL Partition |Replication |Instances |
+-+--------------+------------+----------+
+-+--------------+------------+----------+
---------------------------------------------------------------------------------
Start Rebuilding User Hierarchy
---------------------------------------------------------------------------------
---------------------------------------------------------------------------------
Finished Rebuilding User Hierarchy : Time (s): cpu = 00:00:22 ; elapsed = 00:00:23 . Memory (MB): peak = 771.109 ; gain = 509.652
---------------------------------------------------------------------------------
---------------------------------------------------------------------------------
Start Renaming Generated Ports
---------------------------------------------------------------------------------
---------------------------------------------------------------------------------
Finished Renaming Generated Ports : Time (s): cpu = 00:00:22 ; elapsed = 00:00:23 . Memory (MB): peak = 771.109 ; gain = 509.652
---------------------------------------------------------------------------------
---------------------------------------------------------------------------------
Start Handling Custom Attributes
---------------------------------------------------------------------------------
---------------------------------------------------------------------------------
Finished Handling Custom Attributes : Time (s): cpu = 00:00:22 ; elapsed = 00:00:23 . Memory (MB): peak = 771.109 ; gain = 509.652
---------------------------------------------------------------------------------
---------------------------------------------------------------------------------
Start Renaming Generated Nets
---------------------------------------------------------------------------------
---------------------------------------------------------------------------------
Finished Renaming Generated Nets : Time (s): cpu = 00:00:22 ; elapsed = 00:00:23 . Memory (MB): peak = 771.109 ; gain = 509.652
---------------------------------------------------------------------------------
---------------------------------------------------------------------------------
Start Writing Synthesis Report
---------------------------------------------------------------------------------

Report BlackBoxes: 
+-+--------------+----------+
| |BlackBox name |Instances |
+-+--------------+----------+
+-+--------------+----------+

Report Cell Usage: 
+------+-------+------+
|      |Cell   |Count |
+------+-------+------+
|1     |BUFG   |     2|
|2     |CARRY4 |    40|
|3     |LUT1   |     3|
|4     |LUT2   |     3|
|5     |LUT3   |    40|
|6     |LUT4   |    38|
|7     |LUT5   |     7|
|8     |LUT6   |    50|
|9     |FDRE   |   122|
|10    |FDSE   |     1|
|11    |IBUF   |     3|
|12    |OBUF   |    17|
+------+-------+------+

Report Instance Areas: 
+------+-----------+------------------------+------+
|      |Instance   |Module                  |Cells |
+------+-----------+------------------------+------+
|1     |top        |                        |   326|
|2     |  Divider1 |divider                 |    60|
|3     |  Divider2 |divider__parameterized0 |    61|
|4     |  SHOW     |show_numbers            |    28|
|5     |  T1       |top                     |   155|
|6     |    dut1   |FSM                     |    42|
|7     |    dut2   |datapath                |   113|
|8     |      NEXT |register                |    18|
|9     |      SUM  |register_0              |    95|
+------+-----------+------------------------+------+
---------------------------------------------------------------------------------
Finished Writing Synthesis Report : Time (s): cpu = 00:00:22 ; elapsed = 00:00:23 . Memory (MB): peak = 771.109 ; gain = 509.652
---------------------------------------------------------------------------------
Synthesis finished with 0 errors, 0 critical warnings and 0 warnings.
Synthesis Optimization Runtime : Time (s): cpu = 00:00:13 ; elapsed = 00:00:17 . Memory (MB): peak = 771.109 ; gain = 172.887
Synthesis Optimization Complete : Time (s): cpu = 00:00:22 ; elapsed = 00:00:23 . Memory (MB): peak = 771.109 ; gain = 509.652
INFO: [Project 1-571] Translating synthesized netlist
INFO: [Netlist 29-17] Analyzing 40 Unisim elements for replacement
INFO: [Netlist 29-28] Unisim Transformation completed in 0 CPU seconds
INFO: [Project 1-570] Preparing netlist for logic optimization
INFO: [Opt 31-138] Pushed 0 inverter(s) to 0 load pin(s).
Netlist sorting complete. Time (s): cpu = 00:00:00 ; elapsed = 00:00:00.001 . Memory (MB): peak = 780.023 ; gain = 0.000
INFO: [Project 1-111] Unisim Transformation Summary:
No Unisim elements were transformed.

INFO: [Common 17-83] Releasing license: Synthesis
53 Infos, 20 Warnings, 0 Critical Warnings and 0 Errors encountered.
synth_design completed successfully
synth_design: Time (s): cpu = 00:00:24 ; elapsed = 00:00:25 . Memory (MB): peak = 780.023 ; gain = 531.703
Netlist sorting complete. Time (s): cpu = 00:00:00 ; elapsed = 00:00:00 . Memory (MB): peak = 780.023 ; gain = 0.000
WARNING: [Constraints 18-5210] No constraints selected for write.
Resolution: This message can indicate that there are no constraints for the design, or it can indicate that the used_in flags are set such that the constraints are ignored. This later case is used when running synth_design to not write synthesis constraints to the resulting checkpoint. Instead, project constraints are read when the synthesized design is opened.
INFO: [Common 17-1381] The checkpoint 'C:/Users/12204/Desktop/Verilog_project/lab_final_4/lab_final_4.runs/synth_1/topset.dcp' has been generated.
INFO: [runtcl-4] Executing : report_utilization -file topset_utilization_synth.rpt -pb topset_utilization_synth.pb
INFO: [Common 17-206] Exiting Vivado at Thu Jun  3 11:06:39 2021...
